<?xml version="1.0" encoding="UTF-8"?>
<!-- Generated by org.testng.reporters.JUnitXMLReporter -->
<testsuite ignored="0" hostname="Raitas_PC" failures="0" tests="2" name="Default test" time="10.788" errors="0" timestamp="2023-07-11T16:24:40 CDT">
  <testcase classname="com.tutorialsninja.qa.testcases.Login" name="verifyloginWithValidemailandValidpassword" time="0.92"/>
  <testcase classname="com.tutorialsninja.qa.testcases.Login" name="verifyloginWithInvalidEmailandInvalidPassword" time="0.696"/>
</testsuite> <!-- Default test -->
