<?xml version="1.0" encoding="UTF-8"?>
<testng-results ignored="0" total="2" passed="2" failed="0" skipped="0">
  <reporter-output>
  </reporter-output>
  <suite started-at="2023-07-11T16:24:30 CDT" name="Default suite" finished-at="2023-07-11T16:24:40 CDT" duration-ms="10788">
    <groups>
    </groups>
    <test started-at="2023-07-11T16:24:30 CDT" name="Default test" finished-at="2023-07-11T16:24:40 CDT" duration-ms="10788">
      <class name="com.tutorialsninja.qa.testcases.Login">
        <test-method is-config="true" signature="setup()[pri:0, instance:com.tutorialsninja.qa.testcases.Login@77847718]" started-at="2023-07-11T16:24:30 CDT" name="setup" finished-at="2023-07-11T16:24:35 CDT" duration-ms="4821" status="PASS">
          <reporter-output>
          </reporter-output>
        </test-method> <!-- setup -->
        <test-method signature="verifyloginWithValidemailandValidpassword()[pri:1, instance:com.tutorialsninja.qa.testcases.Login@77847718]" started-at="2023-07-11T16:24:35 CDT" name="verifyloginWithValidemailandValidpassword" finished-at="2023-07-11T16:24:35 CDT" duration-ms="920" status="PASS">
          <reporter-output>
          </reporter-output>
        </test-method> <!-- verifyloginWithValidemailandValidpassword -->
        <test-method is-config="true" signature="teardown()[pri:0, instance:com.tutorialsninja.qa.testcases.Login@77847718]" started-at="2023-07-11T16:24:35 CDT" name="teardown" finished-at="2023-07-11T16:24:36 CDT" duration-ms="189" status="PASS">
          <reporter-output>
          </reporter-output>
        </test-method> <!-- teardown -->
        <test-method is-config="true" signature="setup()[pri:0, instance:com.tutorialsninja.qa.testcases.Login@77847718]" started-at="2023-07-11T16:24:36 CDT" name="setup" finished-at="2023-07-11T16:24:40 CDT" duration-ms="4000" status="PASS">
          <reporter-output>
          </reporter-output>
        </test-method> <!-- setup -->
        <test-method signature="verifyloginWithInvalidEmailandInvalidPassword()[pri:2, instance:com.tutorialsninja.qa.testcases.Login@77847718]" started-at="2023-07-11T16:24:40 CDT" name="verifyloginWithInvalidEmailandInvalidPassword" finished-at="2023-07-11T16:24:40 CDT" duration-ms="696" status="PASS">
          <reporter-output>
          </reporter-output>
        </test-method> <!-- verifyloginWithInvalidEmailandInvalidPassword -->
        <test-method is-config="true" signature="teardown()[pri:0, instance:com.tutorialsninja.qa.testcases.Login@77847718]" started-at="2023-07-11T16:24:40 CDT" name="teardown" finished-at="2023-07-11T16:24:40 CDT" duration-ms="124" status="PASS">
          <reporter-output>
          </reporter-output>
        </test-method> <!-- teardown -->
      </class> <!-- com.tutorialsninja.qa.testcases.Login -->
    </test> <!-- Default test -->
  </suite> <!-- Default suite -->
</testng-results>
